<?xml version="1.0" encoding="UTF-8"?>
<testsuite xmlns:xsi="http://www.w3.org/2001/XMLSchema-instance" xsi:noNamespaceSchemaLocation="https://maven.apache.org/surefire/maven-surefire-plugin/xsd/surefire-test-report.xsd" name="service.ServiceTest" time="0.363" tests="2" errors="0" skipped="0" failures="0">
  <properties>
[...]
</properties>
  <testcase name="addStudent_negativeGroup_ValidationException" classname="service.ServiceTest" time="0.256"/>
  <testcase name="addStudent_correctGroup_success" classname="service.ServiceTest" time="0.088"/>
</testsuite>